<?xml version="1.0" encoding="UTF-8"?>
<!-- Generated by org.testng.reporters.JUnitXMLReporter -->
<testsuite ignored="0" hostname="Ajay" failures="1" tests="2" name="ErrorScenariosValidation" time="5.173" errors="0" timestamp="2025-12-21T21:20:26 IST">
  <testcase classname="AjayMareeduSelenium.ErrorScenariosValidation" name="loginErrorValidation" time="0.473">
    <skipped/>
  </testcase> <!-- loginErrorValidation -->
  <testcase classname="AjayMareeduSelenium.ErrorScenariosValidation" name="loginErrorValidation" time="0.436">
    <failure type="java.lang.AssertionError" message="expected [true] but found [false]">
      <![CDATA[java.lang.AssertionError: expected [true] but found [false]
at AjayMareeduSelenium.ErrorScenariosValidation.loginErrorValidation(ErrorScenariosValidation.java:25)
at java.base/java.util.ArrayList.forEach(ArrayList.java:1596)
at java.base/java.util.concurrent.FutureTask.run(FutureTask.java:317)
at java.base/java.util.concurrent.ThreadPoolExecutor.runWorker(ThreadPoolExecutor.java:1144)
at java.base/java.util.concurrent.ThreadPoolExecutor$Worker.run(ThreadPoolExecutor.java:642)
at java.base/java.lang.Thread.run(Thread.java:1583)
... Removed 19 stack frames]]>
    </failure>
  </testcase> <!-- loginErrorValidation -->
</testsuite> <!-- ErrorScenariosValidation -->
