<?xml version="1.0" encoding="UTF-8"?>
<!-- Generated by org.testng.reporters.JUnitXMLReporter -->
<testsuite ignored="0" hostname="Ajay" failures="0" tests="3" name="Test" time="32.924" errors="0" timestamp="2025-12-21T21:20:54 IST">
  <testcase classname="AjayMareeduSelenium.EcommerceE2EPractics" name="placeAnOrder" time="5.766"/>
  <testcase classname="AjayMareeduSelenium.EcommerceE2EPractics" name="placeAnOrder" time="7.162"/>
  <testcase classname="AjayMareeduSelenium.EcommerceE2EPractics" name="orderHistoryValidation" time="1.704"/>
</testsuite> <!-- Test -->
