<?xml version="1.0" encoding="UTF-8"?>
<testng-results ignored="0" total="1" passed="1" failed="0" skipped="0">
  <reporter-output>
  </reporter-output>
  <suite started-at="2025-12-23T14:07:50 IST" name="Default suite" finished-at="2025-12-23T14:08:02 IST" duration-ms="12154">
    <groups>
      <group name="cucumber">
        <method signature="AbstractTestNGCucumberTests.runScenario(io.cucumber.testng.PickleWrapper,io.cucumber.testng.FeatureWrapper)[pri:0, instance:Cucumber.cucumberTestRunner@158a8276]" name="runScenario" class="io.cucumber.testng.AbstractTestNGCucumberTests"/>
      </group> <!-- cucumber -->
    </groups>
    <test started-at="2025-12-23T14:07:50 IST" name="Default test" finished-at="2025-12-23T14:08:02 IST" duration-ms="12154">
      <class name="Cucumber.cucumberTestRunner">
        <test-method is-config="true" signature="setUpClass(org.testng.ITestContext)[pri:0, instance:Cucumber.cucumberTestRunner@158a8276]" started-at="2025-12-23T14:07:50 IST" name="setUpClass" finished-at="2025-12-23T14:07:51 IST" duration-ms="937" status="PASS">
          <params>
            <param index="0">
              <value>
                <![CDATA[org.testng.TestRunner@53a7a60c]]>
              </value>
            </param>
          </params>
          <reporter-output>
          </reporter-output>
        </test-method> <!-- setUpClass -->
        <test-method signature="runScenario(io.cucumber.testng.PickleWrapper,io.cucumber.testng.FeatureWrapper)[pri:0, instance:Cucumber.cucumberTestRunner@158a8276]" started-at="2025-12-23T14:07:51 IST" name="runScenario" description="Runs Cucumber Scenarios" data-provider="scenarios" finished-at="2025-12-23T14:08:02 IST" duration-ms="11087" status="PASS">
          <params>
            <param index="0">
              <value>
                <![CDATA["Place an order with requested product name"]]>
              </value>
            </param>
            <param index="1">
              <value>
                <![CDATA["Place an order in ecommerce websites"]]>
              </value>
            </param>
          </params>
          <reporter-output>
          </reporter-output>
        </test-method> <!-- runScenario -->
        <test-method is-config="true" signature="tearDownClass()[pri:0, instance:Cucumber.cucumberTestRunner@158a8276]" started-at="2025-12-23T14:08:02 IST" name="tearDownClass" finished-at="2025-12-23T14:08:02 IST" duration-ms="52" status="PASS">
          <reporter-output>
          </reporter-output>
        </test-method> <!-- tearDownClass -->
      </class> <!-- Cucumber.cucumberTestRunner -->
    </test> <!-- Default test -->
  </suite> <!-- Default suite -->
</testng-results>
