<?xml version="1.0" encoding="UTF-8"?>
<!-- Generated by org.testng.reporters.JUnitReportReporter -->
<testsuite hostname="Ajay" failures="0" tests="1" name="StepDefinations.TestRunnner" time="11.332" errors="1" timestamp="2025-12-22T22:26:48 IST" skipped="0">
  <testcase classname="StepDefinations.TestRunnner" name="runScenario" time="11.332">
    <error message="Cannot invoke &quot;AjayMareeduSelenium.PageoObjecComponents.billingPageComponents.placeOrder()&quot; because &quot;this.billingPageComponents&quot; is null" type="java.lang.NullPointerException">
      <![CDATA[java.lang.NullPointerException: Cannot invoke "AjayMareeduSelenium.PageoObjecComponents.billingPageComponents.placeOrder()" because "this.billingPageComponents" is null
at StepDefinations.CucumberStepDefinations.verify_message_and_zara_coat_after_placing_the_order(CucumberStepDefinations.java:51)
at ✽.Verify "Thankyou for the order." message and ZARA COAT 3 after placing the order(file:///C:/Users/admin/eclipse-workspace/SeleniumFrameworkE2E/src/test/java/cucumber/PlaceOrder.feature:12)
]]>
    </error>
  </testcase> <!-- runScenario -->
</testsuite> <!-- StepDefinations.TestRunnner -->
