<?xml version="1.0" encoding="UTF-8"?>
<!-- Generated by org.testng.reporters.JUnitReportReporter -->
<testsuite hostname="Ajay" failures="0" tests="3" name="AjayMareeduSelenium.EcommerceE2EPractics" time="32.544" errors="0" timestamp="2025-12-21T21:20:54 IST" skipped="0">
  <testcase classname="AjayMareeduSelenium.EcommerceE2EPractics" name="placeAnOrder" time="11.052"/>
  <testcase classname="AjayMareeduSelenium.EcommerceE2EPractics" name="orderHistoryValidation" time="7.188"/>
  <testcase classname="AjayMareeduSelenium.EcommerceE2EPractics" name="placeAnOrder" time="14.304"/>
</testsuite> <!-- AjayMareeduSelenium.EcommerceE2EPractics -->
