<?xml version="1.0" encoding="UTF-8"?>
<!-- Generated by org.testng.reporters.JUnitReportReporter -->
<testsuite hostname="Ajay" failures="0" tests="1" name="cucumberTestComponents.Cucumber_TestRunner2" time="0.147" errors="1" timestamp="2025-12-22T21:33:58 IST" skipped="0">
  <testcase classname="cucumberTestComponents.Cucumber_TestRunner2" name="runScenario" time="0.147">
    <error message="The step &#039;Login with valid ajayselenium@gmail.com and Ajay@123&#039; and 3 other step(s) are undefined.
You can implement these steps using the snippet(s) below:

@Given(&quot;Login with valid ajayselenium@gmail.com and Ajay@{int}&quot;)
public void login_with_valid_ajayselenium_gmail_com_and_ajay(Integer int1) {
    // Write code here that turns the phrase above into concrete actions
    throw new io.cucumber.java.PendingException();
}
@When(&quot;Get the ZARA COAT {int} and Click on addToCart&quot;)
public void get_the_zara_coat_and_click_on_add_to_cart(Integer int1) {
    // Write code here that turns the phrase above into concrete actions
    throw new io.cucumber.java.PendingException();
}
@When(&quot;Verify the ZARA COAT {int} in cartPage and Navigate to billing page and Place the order&quot;)
public void verify_the_zara_coat_in_cart_page_and_navigate_to_billing_page_and_place_the_order(Integer int1) {
    // Write code here that turns the phrase above into concrete actions
    throw new io.cucumber.java.PendingException();
}
@Then(&quot;Verify {string} message and ZARA COAT {int} after placing the order&quot;)
public void verify_message_and_zara_coat_after_placing_the_order(String string, Integer int1) {
    // Write code here that turns the phrase above into concrete actions
    throw new io.cucumber.java.PendingException();
}
" type="io.cucumber.testng.UndefinedStepException">
      <![CDATA[io.cucumber.testng.UndefinedStepException: The step 'Login with valid ajayselenium@gmail.com and Ajay@123' and 3 other step(s) are undefined.
You can implement these steps using the snippet(s) below:

@Given("Login with valid ajayselenium@gmail.com and Ajay@{int}")
public void login_with_valid_ajayselenium_gmail_com_and_ajay(Integer int1) {
    // Write code here that turns the phrase above into concrete actions
    throw new io.cucumber.java.PendingException();
}
@When("Get the ZARA COAT {int} and Click on addToCart")
public void get_the_zara_coat_and_click_on_add_to_cart(Integer int1) {
    // Write code here that turns the phrase above into concrete actions
    throw new io.cucumber.java.PendingException();
}
@When("Verify the ZARA COAT {int} in cartPage and Navigate to billing page and Place the order")
public void verify_the_zara_coat_in_cart_page_and_navigate_to_billing_page_and_place_the_order(Integer int1) {
    // Write code here that turns the phrase above into concrete actions
    throw new io.cucumber.java.PendingException();
}
@Then("Verify {string} message and ZARA COAT {int} after placing the order")
public void verify_message_and_zara_coat_after_placing_the_order(String string, Integer int1) {
    // Write code here that turns the phrase above into concrete actions
    throw new io.cucumber.java.PendingException();
}

at âœ½.Login with valid ajayselenium@gmail.com and Ajay@123(file:///C:/Users/admin/eclipse-workspace/SeleniumFrameworkE2E/src/test/java/Cucumber/PlaceOrder.feature:11)
]]>
    </error>
  </testcase> <!-- runScenario -->
</testsuite> <!-- cucumberTestComponents.Cucumber_TestRunner2 -->
